# JRE version: OpenJDK Runtime Environment Zulu17.42+19-CA (17.0.7+7) (build 17.0.7+7-LTS)
# Java VM: OpenJDK 64-Bit Server VM Zulu17.42+19-CA (17.0.7+7-LTS, mixed mode, sharing, tiered, compressed oops, compressed class ptrs, g1 gc, linux-amd64)
GC Precious Log:
 CPUs: 4 total, 4 available
 Memory: 9875M
 Large Page Support: Disabled
 NUMA Support: Disabled
 Compressed Oops: Enabled (Zero based)
 Heap Region Size: 2M
 Heap Min Capacity: 8M
 Heap Initial Capacity: 156M
 Heap Max Capacity: 2470M
 Pre-touch: Disabled
 Parallel Workers: 4
 Concurrent Workers: 1
 Concurrent Refinement Workers: 4
 Periodic GC: Disabled
Heap:
 garbage-first heap   total 61440K, used 35359K [0x0000000765a00000, 0x0000000800000000)
  region size 2048K, 8 young (16384K), 1 survivors (2048K)
 Metaspace       used 28688K, committed 28992K, reserved 1114112K
  class space    used 3949K, committed 4096K, reserved 1048576K
GC Heap History (11 events):
Event: 1,997 GC heap before
{Heap before GC invocations=0 (full 0):
 garbage-first heap   total 163840K, used 12312K [0x0000000765a00000, 0x0000000800000000)
  region size 2048K, 6 young (12288K), 0 survivors (0K)
 Metaspace       used 8812K, committed 9024K, reserved 1114112K
  class space    used 1199K, committed 1344K, reserved 1048576K
}
Event: 2,016 GC heap after
{Heap after GC invocations=1 (full 0):
 garbage-first heap   total 163840K, used 6900K [0x0000000765a00000, 0x0000000800000000)
  region size 2048K, 1 young (2048K), 1 survivors (2048K)
 Metaspace       used 8812K, committed 9024K, reserved 1114112K
  class space    used 1199K, committed 1344K, reserved 1048576K
}
Event: 2,586 GC heap before
{Heap before GC invocations=1 (full 0):
 garbage-first heap   total 163840K, used 10996K [0x0000000765a00000, 0x0000000800000000)
  region size 2048K, 3 young (6144K), 1 survivors (2048K)
 Metaspace       used 11291K, committed 11456K, reserved 1114112K
  class space    used 1633K, committed 1728K, reserved 1048576K
}
Event: 2,599 GC heap after
{Heap after GC invocations=2 (full 0):
 garbage-first heap   total 163840K, used 8003K [0x0000000765a00000, 0x0000000800000000)
  region size 2048K, 1 young (2048K), 1 survivors (2048K)
 Metaspace       used 11291K, committed 11456K, reserved 1114112K
  class space    used 1633K, committed 1728K, reserved 1048576K
}
Event: 6,208 GC heap before
{Heap before GC invocations=2 (full 0):
 garbage-first heap   total 163840K, used 26435K [0x0000000765a00000, 0x0000000800000000)
  region size 2048K, 10 young (20480K), 1 survivors (2048K)
 Metaspace       used 21331K, committed 21504K, reserved 1114112K
  class space    used 2918K, committed 3008K, reserved 1048576K
}
Event: 6,218 GC heap after
{Heap after GC invocations=3 (full 0):
 garbage-first heap   total 163840K, used 13505K [0x0000000765a00000, 0x0000000800000000)
  region size 2048K, 2 young (4096K), 2 survivors (4096K)
 Metaspace       used 21331K, committed 21504K, reserved 1114112K
  class space    used 2918K, committed 3008K, reserved 1048576K
}
Event: 15,647 GC heap before
{Heap before GC invocations=4 (full 0):
 garbage-first heap   total 61440K, used 40129K [0x0000000765a00000, 0x0000000800000000)
  region size 2048K, 16 young (32768K), 2 survivors (4096K)
 Metaspace       used 27829K, committed 28096K, reserved 1114112K
  class space    used 3910K, committed 4032K, reserved 1048576K
}
Event: 15,677 GC heap after
{Heap after GC invocations=5 (full 0):
 garbage-first heap   total 61440K, used 20224K [0x0000000765a00000, 0x0000000800000000)
  region size 2048K, 3 young (6144K), 3 survivors (6144K)
 Metaspace       used 27829K, committed 28096K, reserved 1114112K
  class space    used 3910K, committed 4032K, reserved 1048576K
}
Event: 21,918 GC heap before
{Heap before GC invocations=5 (full 0):
 garbage-first heap   total 61440K, used 20224K [0x0000000765a00000, 0x0000000800000000)
  region size 2048K, 4 young (8192K), 3 survivors (6144K)
 Metaspace       used 28044K, committed 28352K, reserved 1114112K
  class space    used 3928K, committed 4096K, reserved 1048576K
}
Event: 21,942 GC heap after
{Heap after GC invocations=6 (full 0):
 garbage-first heap   total 61440K, used 21023K [0x0000000765a00000, 0x0000000800000000)
  region size 2048K, 1 young (2048K), 1 survivors (2048K)
 Metaspace       used 28044K, committed 28352K, reserved 1114112K
  class space    used 3928K, committed 4096K, reserved 1048576K
}
Event: 35,548 GC heap before
{Heap before GC invocations=6 (full 0):
 garbage-first heap   total 61440K, used 35359K [0x0000000765a00000, 0x0000000800000000)
  region size 2048K, 8 young (16384K), 1 survivors (2048K)
 Metaspace       used 28688K, committed 28992K, reserved 1114112K
  class space    used 3949K, committed 4096K, reserved 1048576K
}

